\BOOKMARK [0][-]{titelblad.0}{Titelblad}{}% 1
\BOOKMARK [0][-]{chapter.1}{Introduction}{}% 2
\BOOKMARK [0][-]{chapter.2}{Method and Theory}{}% 3
\BOOKMARK [1][-]{section.2.1}{Instruments}{chapter.2}% 4
\BOOKMARK [2][-]{subsection.2.1.1}{Advanced Composition Explorer}{section.2.1}% 5
\BOOKMARK [2][-]{subsection.2.1.2}{All-sky Imager}{section.2.1}% 6
\BOOKMARK [2][-]{subsection.2.1.3}{Super Dual Auroral Radar Network}{section.2.1}% 7
\BOOKMARK [2][-]{subsection.2.1.4}{Active Magnetosphere and Planetary Electrodynamics Response Experiment}{section.2.1}% 8
\BOOKMARK [2][-]{subsection.2.1.5}{Ground-Based Magnetometer}{section.2.1}% 9
\BOOKMARK [1][-]{section.2.2}{Theory}{chapter.2}% 10
\BOOKMARK [2][-]{subsection.2.2.1}{The Solar Wind and Interplanetary magnetic field}{section.2.2}% 11
\BOOKMARK [2][-]{subsection.2.2.2}{Bow Shock}{section.2.2}% 12
\BOOKMARK [2][-]{subsection.2.2.3}{Reconnection}{section.2.2}% 13
\BOOKMARK [2][-]{subsection.2.2.4}{Dungey cycles}{section.2.2}% 14
\BOOKMARK [2][-]{subsection.2.2.5}{Hall, Pedersen and Birkeland currents}{section.2.2}% 15
\BOOKMARK [2][-]{subsection.2.2.6}{Magnetic Storms}{section.2.2}% 16
\BOOKMARK [0][-]{chapter.3}{Results}{}% 17
\BOOKMARK [1][-]{subsection.3.0.7}{ACE}{chapter.3}% 18
\BOOKMARK [2][-]{subsection.3.0.8}{Ground-Based Magnetometers}{subsection.3.0.7}% 19
\BOOKMARK [2][-]{subsection.3.0.9}{SuperDARN}{subsection.3.0.7}% 20
\BOOKMARK [2][-]{subsection.3.0.10}{Current densities \(AMPERE\)}{subsection.3.0.7}% 21
\BOOKMARK [2][-]{subsection.3.0.11}{Aurora}{subsection.3.0.7}% 22
\BOOKMARK [0][-]{chapter.4}{Discussion}{}% 23
\BOOKMARK [1][-]{section.4.1}{Interplanetary magnetic field and interaction with Earth's magnetic field.}{chapter.4}% 24
\BOOKMARK [0][-]{chapter.5}{Conclusion}{}% 25
